2025-04-04 02:15:37.347460 - Received CBT.V508.FILE028.PDS from FILE028.XMI 
2025-04-04 02:15:37.349097 - Found $$$#DATE.txt (text/plain) in CBT.V508.FILE028.PDS, moved to PDS/$$$#DATE
2025-04-04 02:15:37.349248 - Found $$$DOC.txt (text/plain) in CBT.V508.FILE028.PDS, moved to PDS/$$$DOC
2025-04-04 02:15:37.349386 - Found $$$DOC1.txt (text/plain) in CBT.V508.FILE028.PDS, moved to PDS/$$$DOC1
2025-04-04 02:15:37.349512 - Found $$$DOC2.txt (text/plain) in CBT.V508.FILE028.PDS, moved to PDS/$$$DOC2
2025-04-04 02:15:37.349628 - Found $$$DOC3.txt (text/plain) in CBT.V508.FILE028.PDS, moved to PDS/$$$DOC3
2025-04-04 02:15:37.349745 - Found $$$DOC4.txt (text/plain) in CBT.V508.FILE028.PDS, moved to PDS/$$$DOC4
2025-04-04 02:15:37.349919 - Found @FILE028.txt (text/plain) in CBT.V508.FILE028.PDS, moved to PDS/@FILE028
2025-04-04 02:15:37.350092 - Found FTL.txt (text/plain) in CBT.V508.FILE028.PDS, moved to PDS/FTL
2025-04-04 02:15:37.350209 - Found FTL$.jcl (text/plain) in CBT.V508.FILE028.PDS, moved to PDS/FTL$
2025-04-04 02:15:37.350322 - Found GENGENR.txt (text/plain) in CBT.V508.FILE028.PDS, moved to PDS/GENGENR
2025-04-04 02:15:37.350440 - Found GENINITT.txt (text/plain) in CBT.V508.FILE028.PDS, moved to PDS/GENINITT
2025-04-04 02:15:37.350591 - Found GENJOBCD.txt (text/plain) in CBT.V508.FILE028.PDS, moved to PDS/GENJOBCD
2025-04-04 02:15:37.350706 - Found GENPOPS.txt (text/plain) in CBT.V508.FILE028.PDS, moved to PDS/GENPOPS
2025-04-04 02:15:37.350822 - Found GENPOPSF.txt (text/plain) in CBT.V508.FILE028.PDS, moved to PDS/GENPOPSF
2025-04-04 02:15:37.350985 - Found GENPOPST.txt (text/plain) in CBT.V508.FILE028.PDS, moved to PDS/GENPOPST
2025-04-04 02:15:37.351106 - Found GENSYSDA.txt (text/plain) in CBT.V508.FILE028.PDS, moved to PDS/GENSYSDA
2025-04-04 02:15:37.351222 - Found GENTC.txt (text/plain) in CBT.V508.FILE028.PDS, moved to PDS/GENTC
2025-04-04 02:15:37.351357 - Found GENUNLD.txt (text/plain) in CBT.V508.FILE028.PDS, moved to PDS/GENUNLD
2025-04-04 02:15:37.351490 - Found GENUNLDI.txt (text/plain) in CBT.V508.FILE028.PDS, moved to PDS/GENUNLDI
2025-04-04 02:15:37.351607 - Found GENUNLDM.txt (text/plain) in CBT.V508.FILE028.PDS, moved to PDS/GENUNLDM
2025-04-04 02:15:37.351714 - Found GENUNLDS.txt (text/plain) in CBT.V508.FILE028.PDS, moved to PDS/GENUNLDS
2025-04-04 02:15:37.351834 - Found GENUNLDX.txt (text/plain) in CBT.V508.FILE028.PDS, moved to PDS/GENUNLDX
2025-04-04 02:15:37.351951 - Found GENVOL.txt (text/plain) in CBT.V508.FILE028.PDS, moved to PDS/GENVOL
2025-04-04 02:15:37.352064 - Found GENVOLF.txt (text/plain) in CBT.V508.FILE028.PDS, moved to PDS/GENVOLF
2025-04-04 02:15:37.352184 - Found GENVOLI.txt (text/plain) in CBT.V508.FILE028.PDS, moved to PDS/GENVOLI
2025-04-04 02:15:37.352319 - Found GENVOLIF.txt (text/plain) in CBT.V508.FILE028.PDS, moved to PDS/GENVOLIF
2025-04-04 02:15:37.352470 - Found GNJES3J.txt (text/plain) in CBT.V508.FILE028.PDS, moved to PDS/GNJES3J
2025-04-04 02:15:37.352776 - Found GNJES3P.txt (text/plain) in CBT.V508.FILE028.PDS, moved to PDS/GNJES3P
2025-04-04 02:15:37.352916 - Found GNJES3S.txt (text/plain) in CBT.V508.FILE028.PDS, moved to PDS/GNJES3S
2025-04-04 02:15:37.353051 - Found GNJES3V.txt (text/plain) in CBT.V508.FILE028.PDS, moved to PDS/GNJES3V
2025-04-04 02:15:37.353174 - Found OUTLIST.txt (text/plain) in CBT.V508.FILE028.PDS, moved to PDS/OUTLIST
2025-04-04 02:15:37.353308 - Found SAMPINPT.txt (text/plain) in CBT.V508.FILE028.PDS, moved to PDS/SAMPINPT
2025-04-04 02:15:37.353447 - Found SEQCPY.xmi (application/xmit) in CBT.V508.FILE028.PDS, moved to PDS/SEQCPY.xmi
2025-04-04 02:15:37.359891 - Received SBGOLOB.SEQCPY.LOADLIB from SEQCPY.xmi 
2025-04-04 02:15:37.360237 - Found SEQCPY.bin (application/octet-stream) in SBGOLOB.SEQCPY.LOADLIB, moved to SEQCPY/SEQCPY
2025-04-04 02:15:37.360368 - Found SEQCPYF.bin (application/octet-stream) in SBGOLOB.SEQCPY.LOADLIB, moved to SEQCPY/SEQCPYF
2025-04-04 02:15:37.360733 - Found SEQCPY@.jcl (text/plain) in CBT.V508.FILE028.PDS, moved to PDS/SEQCPY@
2025-04-04 02:15:37.360853 - Found TAPEMAP.jcl (text/plain) in CBT.V508.FILE028.PDS, moved to PDS/TAPEMAP
2025-04-04 02:15:37.360973 - Found TAPEMAP@.xmi (application/xmit) in CBT.V508.FILE028.PDS, moved to PDS/TAPEMAP@.xmi
2025-04-04 02:15:37.366018 - Received SYS1.CBT.LINKLIB from TAPEMAP@.xmi 
2025-04-04 02:15:37.366352 - Found TAPEMAP.bin (application/octet-stream) in SYS1.CBT.LINKLIB, moved to TAPEMAP@/TAPEMAP
2025-04-04 02:15:37.366620 - Found TAPEMAPS.jcl (text/plain) in CBT.V508.FILE028.PDS, moved to PDS/TAPEMAPS
2025-04-04 02:15:37.366753 - Found TSOBATV1.jcl (text/plain) in CBT.V508.FILE028.PDS, moved to PDS/TSOBATV1
